<?xml version="1.0" encoding="UTF-8"?>
<!-- Generated by org.testng.reporters.JUnitReportReporter -->
<testsuite skipped="0" hostname="DESKTOP-HAC2EQ0" name="testCases.LoginTest" tests="2" failures="0" timestamp="2023-02-21T15:38:25 BDT" time="69.693" errors="0">
  <testcase name="LoginTest" time="15.656" classname="testCases.LoginTest"/>
  <system-out/>
  <testcase name="ProductTest" time="54.037" classname="testCases.LoginTest"/>
  <system-out/>
</testsuite> <!-- testCases.LoginTest -->
